<?xml version="1.0" encoding="UTF-8" standalone="no"?>
<!DOCTYPE log SYSTEM "logger.dtd">
<log>
<record>
  <date>2026-01-30T06:06:59.927097100Z</date>
  <millis>1769753219927</millis>
  <nanos>97100</nanos>
  <sequence>0</sequence>
  <logger>LogHandlingWriting</logger>
  <level>SEVERE</level>
  <class>LogHandlingWriting</class>
  <method>main</method>
  <thread>1</thread>
  <message>Severe error occurred</message>
</record>
<record>
  <date>2026-01-30T06:07:00.039826900Z</date>
  <millis>1769753220039</millis>
  <nanos>826900</nanos>
  <sequence>1</sequence>
  <logger>LogHandlingWriting</logger>
  <level>WARNING</level>
  <class>LogHandlingWriting</class>
  <method>main</method>
  <thread>1</thread>
  <message>Warning message</message>
</record>
<record>
  <date>2026-01-30T06:07:00.041799100Z</date>
  <millis>1769753220041</millis>
  <nanos>799100</nanos>
  <sequence>2</sequence>
  <logger>LogHandlingWriting</logger>
  <level>INFO</level>
  <class>LogHandlingWriting</class>
  <method>main</method>
  <thread>1</thread>
  <message>Information message</message>
</record>
<record>
  <date>2026-01-30T06:07:00.042800500Z</date>
  <millis>1769753220042</millis>
  <nanos>800500</nanos>
  <sequence>3</sequence>
  <logger>LogHandlingWriting</logger>
  <level>FINE</level>
  <class>LogHandlingWriting</class>
  <method>main</method>
  <thread>1</thread>
  <message>Fine level debugging message</message>
</record>
</log>
